<?xml version="1.0" encoding="UTF-8"?>
<beans xmlns="http://www.springframework.org/schema/beans"
       xmlns:xsi="http://www.w3.org/2001/XMLSchema-instance"
       xmlns:p="http://www.springframework.org/schema/p"
       xsi:schemaLocation="http://www.springframework.org/schema/beans
  http://www.springframework.org/schema/beans/spring-beans.xsd">

    <bean id="bookingFacade" class="org.oka.springcore.facade.BookingFacadeImpl"/>

    <bean id="userService" class="org.oka.springcore.service.UserService"/>

    <bean id="userDAO" class="org.oka.springcore.dao.UserDAO" p:userDB-ref="userDB" p:pageable-ref="pageable"/>

    <bean id="userDB" class="org.oka.springcore.db.UserDB" init-method="initBean"/>

    <bean id="eventService" class="org.oka.springcore.service.EventService"/>

    <bean id="eventDAO" class="org.oka.springcore.dao.EventDAO" p:eventDB-ref="eventDB" p:pageable-ref="pageable"/>

    <bean id="eventDB" class="org.oka.springcore.db.EventDB" init-method="initBean"/>

    <bean id="ticketService" class="org.oka.springcore.service.TicketService"/>

    <bean id="ticketDAO" class="org.oka.springcore.dao.TicketDAO" p:ticketDB-ref="ticketDB" p:pageable-ref="pageable"/>

    <bean id="ticketDB" class="org.oka.springcore.db.TicketDB" init-method="initBean"/>

    <bean id="pageable" class="org.oka.springcore.dao.Pageable"/>
</beans>